03-01-2020 16:34:50.706,-,SERIAL,"COM6 - 9600/8/N/1/N"

03-01-2020 16:34:41.443,0,SENT,2B2B2B
03-01-2020 16:34:42.467,1,RECV,4F4B0D
03-01-2020 16:34:42.944,2,SENT,41544E440D


03-01-2020 16:34:43.072,3,RECV,

46464645
0D
30303133413230300D
34313632394246420D
32340D20424C55450D0D
464646450D
30303133413230300D
34313632394243450D
3243
03-01-2020 16:34:43.122,4,RECV,0D
205245440D0D
03-01-2020 16:34:45.188,5,RECV,
464646450D
30303133413230300D
34313544353843420D
32320D
20475245454E0D0D
03-01-2020 16:34:45.489,6,RECV,0D
