02-10-2020 20:15:32.276,-,AT," ,0013A200415D58CB,802.15.4 TH,2003,COM6 - 9600/8/N/1/N,1"

02-10-2020 20:14:19.384,0,RECV,7E000C8356
02-10-2020 20:14:19.444,1,RECV,781A0002020003FF03FF8C
02-10-2020 20:14:21.424,2,RECV,7E000C835678170002020003FF03FF8F
02-10-2020 20:14:23.398,3,RECV,7E000C835678190002020003FF03FF8D
02-10-2020 20:14:25.382,4,RECV,7E000C835678190002020003FF03
02-10-2020 20:14:25.433,5,RECV,FF8D
02-10-2020 20:14:27.391,6,RECV,7E000C8356781B0002020003FF03FF8B ***
02-10-2020 20:14:29.397,7,RECV,7E000C8356781B0002020003FF03FF8B
02-10-2020 20:14:31.412,8,RECV,7E000C835678190002020003FF03FF8D
02-10-2020 20:14:33.392,9,RECV,7E000C835678190002020003FF03FF8D
02-10-2020 20:14:35.399,10,RECV,7E000C8356781C0002020003FF032465
02-10-2020 20:14:37.412,11,RECV,7E000C83567818000202000000000092
02-10-2020 20:14:39.404,12,RECV,7E000C8356781A000202000000000090
02-10-2020 20:14:41.374,13,RECV,7E000C835678
02-10-2020 20:14:41.424,14,RECV,1A00020200000001C1CE
02-10-2020 20:14:43.374,15,RECV,7E000C
02-10-2020 20:14:43.434,16,RECV,8356781A0002020003FF03FF8C
02-10-2020 20:14:45.423,17,RECV,7E000C8356781B0002020003FF03FF8B
02-10-2020 20:14:47.375,18,RECV,7E000C8356781B0002020003
02-10-2020 20:14:47.435,19,RECV,FF03FF8B
02-10-2020 20:14:49.396,20,RECV,7E000C8356781B0002020003FF03FF8B
02-10-2020 20:14:51.382,21,RECV,7E000C8356781C0002020003FA03FB93
02-10-2020 20:14:53.363,22,RECV,7E00
02-10-2020 20:14:53.413,23,RECV,0C8356781D0002020003FB03FB91
02-10-2020 20:14:55.384,24,RECV,7E000C8356781D0002020003FC03
02-10-2020 20:14:55.435,25,RECV,FA91
02-10-2020 20:14:57.407,26,RECV,7E000C8356781A0002020003FB03FA95
02-10-2020 20:14:59.388,27,RECV,7E000C835678190002020003FA03FA97


        16 15 14 13 12 10  9  8    7  6  5  4  3  2  1  0
		B7 B6 B5 B4 B3 B2 B1 B0 - B7 B6 B5 B4 B3 B2 B1 B0 
		X  A5 A4 A3 A2 A1 A0 D8   D7 D6 D5 D4 D3 D2 D1 D0
		0   0  0  0  0  0  1  0    0  0  0  0  0  0  0  0


7E
00 0C
83
5678
1B 			Signal Strength
00
02 			Number of Samples
02 00		Active Signal Bytes
03FF 		Sample 1
03FF 		Sample 2
8B



		B7 B6 B5 B4 B3 B2 B1 B0 - B7 B6 B5 B4 B3 B2 B1 B0 
		X  X  A  X  X  X  A9 A8   A7 A6 A5 A4 A3 A2 A1 A0
		0   0  0  0  0  0  1  1    1  1  1  1  1  1  1  1



7E
00 0C
83
5678
19
00
02
02 00
03FA
03FA
97

7E 
00 0C 
83 
56 78 
19 
00 
02 
02 00 
02 34 
02 36 
23




		B7 B6 B5 B4 B3 B2 B1 B0 - B7 B6 B5 B4 B3 B2 B1 B0 
		X  X  A  X  X  X  A9 A8   A7 A6 A5 A4 A3 A2 A1 A0
		0   0  0  0  0  0  1  0    0  0  1  1  0  1  0  0
0x0234 = 564 becomes (564/1024)*3.3 = 1.818V

I am actually measuring 0.62V

7E 
00 0C 
83 
56 78 
19 
00 
02 
02 00 
00 BB 
00 C3 
13

From a video, this is 

Reading : 1024 . 1.23

564:1024 . 1.23 = 0.677!